<?xml version="1.0" encoding="UTF-8"?>
<!-- Generated by org.testng.reporters.JUnitReportReporter -->
<testsuite skipped="0" hostname="DESKTOP-58MTE18" name="Testcases.Testcases" tests="1" failures="0" timestamp="01 Oct 2018 01:10:06 GMT" time="12.348" errors="0">
  <testcase name="Login" time="12.348" classname="Testcases.Testcases"/>
</testsuite> <!-- Testcases.Testcases -->
